<?xml version="1.0" encoding="UTF-8"?>
<testsuite name="PasswordCheckerTest" tests="1" skipped="0" failures="0" errors="0" timestamp="2020-01-22T06:29:15" hostname="kenneth-MS-7A70" time="0.005">
  <properties/>
  <testcase name="passwordIsValid()" classname="PasswordCheckerTest" time="0.005"/>
  <system-out><![CDATA[]]></system-out>
  <system-err><![CDATA[]]></system-err>
</testsuite>
