<?xml version="1.0" encoding="UTF-8"?>
<testsuite name="PasswordCheckerTest" tests="1" skipped="0" failures="0" errors="0" timestamp="2020-01-21T11:55:38" hostname="kenneth-MS-7A70" time="0.007">
  <properties/>
  <testcase name="password_no_special_char()" classname="PasswordCheckerTest" time="0.007"/>
  <system-out><![CDATA[]]></system-out>
  <system-err><![CDATA[]]></system-err>
</testsuite>
