<?xml version="1.0" encoding="UTF-8"?>
<testsuite name="PasswordCheckerTest" tests="1" skipped="0" failures="0" errors="0" timestamp="2020-01-16T11:52:52" hostname="kenneth-MS-7A70" time="0.006">
  <properties/>
  <testcase name="passwordIsOk()" classname="PasswordCheckerTest" time="0.006"/>
  <system-out><![CDATA[]]></system-out>
  <system-err><![CDATA[]]></system-err>
</testsuite>
